<?xml version="1.0" encoding="UTF-8"?>
<testng-results ignored="0" total="1" passed="1" failed="0" skipped="0">
  <reporter-output>
  </reporter-output>
  <suite started-at="2022-09-26T15:52:11 IST" name="Default suite" finished-at="2022-09-26T15:53:30 IST" duration-ms="78607">
    <groups>
    </groups>
    <test started-at="2022-09-26T15:52:11 IST" name="Default test" finished-at="2022-09-26T15:53:30 IST" duration-ms="78607">
      <class name="com.OrangeHRM.OrangeHRMTest">
        <test-method is-config="true" signature="BeforeSuit()[pri:0, instance:com.OrangeHRM.OrangeHRMTest@1d9b7cce]" started-at="2022-09-26T15:52:11 IST" name="BeforeSuit" finished-at="2022-09-26T15:52:11 IST" duration-ms="429" status="PASS">
          <reporter-output>
          </reporter-output>
        </test-method> <!-- BeforeSuit -->
        <test-method is-config="true" signature="setup()[pri:0, instance:com.OrangeHRM.OrangeHRMTest@1d9b7cce]" started-at="2022-09-26T15:52:11 IST" name="setup" finished-at="2022-09-26T15:53:01 IST" duration-ms="49906" status="PASS">
          <reporter-output>
          </reporter-output>
        </test-method> <!-- setup -->
        <test-method signature="orangeHRMTest()[pri:0, instance:com.OrangeHRM.OrangeHRMTest@1d9b7cce]" started-at="2022-09-26T15:53:01 IST" name="orangeHRMTest" finished-at="2022-09-26T15:53:29 IST" duration-ms="27853" status="PASS">
          <reporter-output>
          </reporter-output>
        </test-method> <!-- orangeHRMTest -->
        <test-method is-config="true" signature="tearDown()[pri:0, instance:com.OrangeHRM.OrangeHRMTest@1d9b7cce]" started-at="2022-09-26T15:53:29 IST" name="tearDown" finished-at="2022-09-26T15:53:30 IST" duration-ms="782" status="PASS">
          <reporter-output>
          </reporter-output>
        </test-method> <!-- tearDown -->
        <test-method is-config="true" signature="afterSuite()[pri:0, instance:com.OrangeHRM.OrangeHRMTest@1d9b7cce]" started-at="2022-09-26T15:53:30 IST" name="afterSuite" finished-at="2022-09-26T15:53:30 IST" duration-ms="1" status="PASS">
          <reporter-output>
          </reporter-output>
        </test-method> <!-- afterSuite -->
      </class> <!-- com.OrangeHRM.OrangeHRMTest -->
    </test> <!-- Default test -->
  </suite> <!-- Default suite -->
</testng-results>
